Launching lib\main.dart on Android SDK built for x86 64 in debug mode...
Running Gradle task 'assembleDebug'...                          

FAILURE: Build failed with an exception.

* Where:
Build file 'D:\FolderDifa\Aplikasi\bpkp_pos_test\android\app\build.gradle' line: 2

* What went wrong:
An exception occurred applying plugin request [id: 'com.android.application']
> Failed to apply plugin 'com.android.internal.version-check'.
   > Minimum supported Gradle version is 8.11.1. Current version is 8.7. If using the gradle wrapper, try editing the distributionUrl in D:\FolderDifa\Aplikasi\bpkp_pos_test\android\gradle\wrapper\gradle-wrapper.properties to gradle-8.11.1-all.zip

* Try:
> Run with --stacktrace option to get the stack trace.
> Run with --info or --debug option to get more log output.
> Run with --scan to get full insights.
> Get more help at https://help.gradle.org.

BUILD FAILED in 14s
Running Gradle task 'assembleDebug'...                             15.7s
Error: Gradle task assembleDebug failed with exit code 1
